p/face_499.jpg 1 0 0 150 140
p/face_498.jpg 1 0 0 150 140
p/face_497.jpg 1 0 0 150 140
p/face_496.jpg 1 0 0 150 140
p/face_495.jpg 1 0 0 150 140
p/face_494.jpg 1 0 0 150 140
p/face_493.jpg 1 0 0 150 140
p/face_492.jpg 1 0 0 150 140
p/face_491.jpg 1 0 0 150 140
p/face_490.jpg 1 0 0 150 140
p/face_489.jpg 1 0 0 150 140
p/face_488.jpg 1 0 0 150 140
p/face_487.jpg 1 0 0 150 140
p/face_486.jpg 1 0 0 150 140
p/face_485.jpg 1 0 0 150 140
p/face_484.jpg 1 0 0 150 140
p/face_483.jpg 1 0 0 150 140
p/face_482.jpg 1 0 0 150 140
p/face_481.jpg 1 0 0 150 140
p/face_480.jpg 1 0 0 150 140
p/face_479.jpg 1 0 0 150 140
p/face_478.jpg 1 0 0 150 140
p/face_477.jpg 1 0 0 150 140
p/face_476.jpg 1 0 0 150 140
p/face_475.jpg 1 0 0 150 140
p/face_474.jpg 1 0 0 150 140
p/face_473.jpg 1 0 0 150 140
p/face_472.jpg 1 0 0 150 140
p/face_471.jpg 1 0 0 150 140
p/face_470.jpg 1 0 0 150 140
p/face_469.jpg 1 0 0 150 140
p/face_468.jpg 1 0 0 150 140
p/face_467.jpg 1 0 0 150 140
p/face_466.jpg 1 0 0 150 140
p/face_465.jpg 1 0 0 150 140
p/face_464.jpg 1 0 0 150 140
p/face_463.jpg 1 0 0 150 140
p/face_462.jpg 1 0 0 150 140
p/face_461.jpg 1 0 0 150 140
p/face_460.jpg 1 0 0 150 140
p/face_459.jpg 1 0 0 150 140
p/face_458.jpg 1 0 0 150 140
p/face_457.jpg 1 0 0 150 140
p/face_456.jpg 1 0 0 150 140
p/face_455.jpg 1 0 0 150 140
p/face_454.jpg 1 0 0 150 140
p/face_453.jpg 1 0 0 150 140
p/face_452.jpg 1 0 0 150 140
p/face_451.jpg 1 0 0 150 140
p/face_450.jpg 1 0 0 150 140
p/face_449.jpg 1 0 0 150 140
p/face_448.jpg 1 0 0 150 140
p/face_447.jpg 1 0 0 150 140
p/face_446.jpg 1 0 0 150 140
p/face_445.jpg 1 0 0 150 140
p/face_444.jpg 1 0 0 150 140
p/face_443.jpg 1 0 0 150 140
p/face_442.jpg 1 0 0 150 140
p/face_441.jpg 1 0 0 150 140
p/face_440.jpg 1 0 0 150 140
p/face_439.jpg 1 0 0 150 140
p/face_438.jpg 1 0 0 150 140
p/face_437.jpg 1 0 0 150 140
p/face_436.jpg 1 0 0 150 140
p/face_435.jpg 1 0 0 150 140
p/face_434.jpg 1 0 0 150 140
p/face_433.jpg 1 0 0 150 140
p/face_432.jpg 1 0 0 150 140
p/face_431.jpg 1 0 0 150 140
p/face_430.jpg 1 0 0 150 140
p/face_429.jpg 1 0 0 150 140
p/face_428.jpg 1 0 0 150 140
p/face_427.jpg 1 0 0 150 140
p/face_426.jpg 1 0 0 150 140
p/face_425.jpg 1 0 0 150 140
p/face_424.jpg 1 0 0 150 140
p/face_423.jpg 1 0 0 150 140
p/face_422.jpg 1 0 0 150 140
p/face_421.jpg 1 0 0 150 140
p/face_420.jpg 1 0 0 150 140
p/face_419.jpg 1 0 0 150 140
p/face_418.jpg 1 0 0 150 140
p/face_417.jpg 1 0 0 150 140
p/face_416.jpg 1 0 0 150 140
p/face_415.jpg 1 0 0 150 140
p/face_414.jpg 1 0 0 150 140
p/face_413.jpg 1 0 0 150 140
p/face_412.jpg 1 0 0 150 140
p/face_411.jpg 1 0 0 150 140
p/face_410.jpg 1 0 0 150 140
p/face_409.jpg 1 0 0 150 140
p/face_408.jpg 1 0 0 150 140
p/face_407.jpg 1 0 0 150 140
p/face_406.jpg 1 0 0 150 140
p/face_405.jpg 1 0 0 150 140
p/face_404.jpg 1 0 0 150 140
p/face_403.jpg 1 0 0 150 140
p/face_402.jpg 1 0 0 150 140
p/face_401.jpg 1 0 0 150 140
p/face_400.jpg 1 0 0 150 140
p/face_399.jpg 1 0 0 150 140
p/face_398.jpg 1 0 0 150 140
p/face_397.jpg 1 0 0 150 140
p/face_396.jpg 1 0 0 150 140
p/face_395.jpg 1 0 0 150 140
p/face_394.jpg 1 0 0 150 140
p/face_393.jpg 1 0 0 150 140
p/face_392.jpg 1 0 0 150 140
p/face_391.jpg 1 0 0 150 140
p/face_390.jpg 1 0 0 150 140
p/face_389.jpg 1 0 0 150 140
p/face_388.jpg 1 0 0 150 140
p/face_387.jpg 1 0 0 150 140
p/face_386.jpg 1 0 0 150 140
p/face_385.jpg 1 0 0 150 140
p/face_384.jpg 1 0 0 150 140
p/face_383.jpg 1 0 0 150 140
p/face_382.jpg 1 0 0 150 140
p/face_381.jpg 1 0 0 150 140
p/face_380.jpg 1 0 0 150 140
p/face_379.jpg 1 0 0 150 140
p/face_378.jpg 1 0 0 150 140
p/face_377.jpg 1 0 0 150 140
p/face_376.jpg 1 0 0 150 140
p/face_375.jpg 1 0 0 150 140
p/face_374.jpg 1 0 0 150 140
p/face_373.jpg 1 0 0 150 140
p/face_372.jpg 1 0 0 150 140
p/face_371.jpg 1 0 0 150 140
p/face_370.jpg 1 0 0 150 140
p/face_369.jpg 1 0 0 150 140
p/face_368.jpg 1 0 0 150 140
p/face_367.jpg 1 0 0 150 140
p/face_366.jpg 1 0 0 150 140
p/face_365.jpg 1 0 0 150 140
p/face_364.jpg 1 0 0 150 140
p/face_363.jpg 1 0 0 150 140
p/face_362.jpg 1 0 0 150 140
p/face_361.jpg 1 0 0 150 140
p/face_360.jpg 1 0 0 150 140
p/face_359.jpg 1 0 0 150 140
p/face_358.jpg 1 0 0 150 140
p/face_357.jpg 1 0 0 150 140
p/face_356.jpg 1 0 0 150 140
p/face_355.jpg 1 0 0 150 140
p/face_354.jpg 1 0 0 150 140
p/face_353.jpg 1 0 0 150 140
p/face_352.jpg 1 0 0 150 140
p/face_351.jpg 1 0 0 150 140
p/face_350.jpg 1 0 0 150 140
p/face_349.jpg 1 0 0 150 140
p/face_348.jpg 1 0 0 150 140
p/face_347.jpg 1 0 0 150 140
p/face_346.jpg 1 0 0 150 140
p/face_345.jpg 1 0 0 150 140
p/face_344.jpg 1 0 0 150 140
p/face_343.jpg 1 0 0 150 140
p/face_342.jpg 1 0 0 150 140
p/face_341.jpg 1 0 0 150 140
p/face_340.jpg 1 0 0 150 140
p/face_339.jpg 1 0 0 150 140
p/face_338.jpg 1 0 0 150 140
p/face_337.jpg 1 0 0 150 140
p/face_336.jpg 1 0 0 150 140
p/face_335.jpg 1 0 0 150 140
p/face_334.jpg 1 0 0 150 140
p/face_333.jpg 1 0 0 150 140
p/face_332.jpg 1 0 0 150 140
p/face_331.jpg 1 0 0 150 140
p/face_330.jpg 1 0 0 150 140
p/face_329.jpg 1 0 0 150 140
p/face_328.jpg 1 0 0 150 140
p/face_327.jpg 1 0 0 150 140
p/face_326.jpg 1 0 0 150 140
p/face_325.jpg 1 0 0 150 140
p/face_324.jpg 1 0 0 150 140
p/face_323.jpg 1 0 0 150 140
p/face_322.jpg 1 0 0 150 140
p/face_321.jpg 1 0 0 150 140
p/face_320.jpg 1 0 0 150 140
p/face_319.jpg 1 0 0 150 140
p/face_318.jpg 1 0 0 150 140
p/face_317.jpg 1 0 0 150 140
p/face_316.jpg 1 0 0 150 140
p/face_315.jpg 1 0 0 150 140
p/face_314.jpg 1 0 0 150 140
p/face_313.jpg 1 0 0 150 140
p/face_312.jpg 1 0 0 150 140
p/face_311.jpg 1 0 0 150 140
p/face_310.jpg 1 0 0 150 140
p/face_309.jpg 1 0 0 150 140
p/face_308.jpg 1 0 0 150 140
p/face_307.jpg 1 0 0 150 140
p/face_306.jpg 1 0 0 150 140
p/face_305.jpg 1 0 0 150 140
p/face_304.jpg 1 0 0 150 140
p/face_303.jpg 1 0 0 150 140
p/face_302.jpg 1 0 0 150 140
p/face_301.jpg 1 0 0 150 140
p/face_300.jpg 1 0 0 150 140
p/face_299.jpg 1 0 0 150 140
p/face_298.jpg 1 0 0 150 140
p/face_297.jpg 1 0 0 150 140
p/face_296.jpg 1 0 0 150 140
p/face_295.jpg 1 0 0 150 140
p/face_294.jpg 1 0 0 150 140
p/face_293.jpg 1 0 0 150 140
p/face_292.jpg 1 0 0 150 140
p/face_291.jpg 1 0 0 150 140
p/face_290.jpg 1 0 0 150 140
p/face_289.jpg 1 0 0 150 140
p/face_288.jpg 1 0 0 150 140
p/face_287.jpg 1 0 0 150 140
p/face_286.jpg 1 0 0 150 140
p/face_285.jpg 1 0 0 150 140
p/face_284.jpg 1 0 0 150 140
p/face_283.jpg 1 0 0 150 140
p/face_282.jpg 1 0 0 150 140
p/face_281.jpg 1 0 0 150 140
p/face_280.jpg 1 0 0 150 140
p/face_279.jpg 1 0 0 150 140
p/face_278.jpg 1 0 0 150 140
p/face_277.jpg 1 0 0 150 140
p/face_276.jpg 1 0 0 150 140
p/face_275.jpg 1 0 0 150 140
p/face_274.jpg 1 0 0 150 140
p/face_273.jpg 1 0 0 150 140
p/face_272.jpg 1 0 0 150 140
p/face_271.jpg 1 0 0 150 140
p/face_270.jpg 1 0 0 150 140
p/face_269.jpg 1 0 0 150 140
p/face_268.jpg 1 0 0 150 140
p/face_267.jpg 1 0 0 150 140
p/face_266.jpg 1 0 0 150 140
p/face_265.jpg 1 0 0 150 140
p/face_264.jpg 1 0 0 150 140
p/face_263.jpg 1 0 0 150 140
p/face_262.jpg 1 0 0 150 140
p/face_261.jpg 1 0 0 150 140
p/face_260.jpg 1 0 0 150 140
p/face_259.jpg 1 0 0 150 140
p/face_258.jpg 1 0 0 150 140
p/face_257.jpg 1 0 0 150 140
p/face_256.jpg 1 0 0 150 140
p/face_255.jpg 1 0 0 150 140
p/face_254.jpg 1 0 0 150 140
p/face_253.jpg 1 0 0 150 140
p/face_252.jpg 1 0 0 150 140
p/face_251.jpg 1 0 0 150 140
p/face_250.jpg 1 0 0 150 140
p/face_249.jpg 1 0 0 150 140
p/face_248.jpg 1 0 0 150 140
p/face_247.jpg 1 0 0 150 140
p/face_246.jpg 1 0 0 150 140
p/face_245.jpg 1 0 0 150 140
p/face_244.jpg 1 0 0 150 140
p/face_243.jpg 1 0 0 150 140
p/face_242.jpg 1 0 0 150 140
p/face_241.jpg 1 0 0 150 140
p/face_240.jpg 1 0 0 150 140
p/face_239.jpg 1 0 0 150 140
p/face_238.jpg 1 0 0 150 140
p/face_237.jpg 1 0 0 150 140
p/face_236.jpg 1 0 0 150 140
p/face_235.jpg 1 0 0 150 140
p/face_234.jpg 1 0 0 150 140
p/face_233.jpg 1 0 0 150 140
p/face_232.jpg 1 0 0 150 140
p/face_231.jpg 1 0 0 150 140
p/face_230.jpg 1 0 0 150 140
p/face_229.jpg 1 0 0 150 140
p/face_228.jpg 1 0 0 150 140
p/face_227.jpg 1 0 0 150 140
p/face_226.jpg 1 0 0 150 140
p/face_225.jpg 1 0 0 150 140
p/face_224.jpg 1 0 0 150 140
p/face_223.jpg 1 0 0 150 140
p/face_222.jpg 1 0 0 150 140
p/face_221.jpg 1 0 0 150 140
p/face_220.jpg 1 0 0 150 140
p/face_219.jpg 1 0 0 150 140
p/face_218.jpg 1 0 0 150 140
p/face_217.jpg 1 0 0 150 140
p/face_216.jpg 1 0 0 150 140
p/face_215.jpg 1 0 0 150 140
p/face_214.jpg 1 0 0 150 140
p/face_213.jpg 1 0 0 150 140
p/face_212.jpg 1 0 0 150 140
p/face_211.jpg 1 0 0 150 140
p/face_210.jpg 1 0 0 150 140
p/face_209.jpg 1 0 0 150 140
p/face_208.jpg 1 0 0 150 140
p/face_207.jpg 1 0 0 150 140
p/face_206.jpg 1 0 0 150 140
p/face_205.jpg 1 0 0 150 140
p/face_204.jpg 1 0 0 150 140
p/face_203.jpg 1 0 0 150 140
p/face_202.jpg 1 0 0 150 140
p/face_201.jpg 1 0 0 150 140
p/face_200.jpg 1 0 0 150 140
p/face_199.jpg 1 0 0 150 140
p/face_198.jpg 1 0 0 150 140
p/face_197.jpg 1 0 0 150 140
p/face_196.jpg 1 0 0 150 140
p/face_195.jpg 1 0 0 150 140
p/face_194.jpg 1 0 0 150 140
p/face_193.jpg 1 0 0 150 140
p/face_192.jpg 1 0 0 150 140
p/face_191.jpg 1 0 0 150 140
p/face_190.jpg 1 0 0 150 140
p/face_189.jpg 1 0 0 150 140
p/face_188.jpg 1 0 0 150 140
p/face_187.jpg 1 0 0 150 140
p/face_186.jpg 1 0 0 150 140
p/face_185.jpg 1 0 0 150 140
p/face_184.jpg 1 0 0 150 140
p/face_183.jpg 1 0 0 150 140
p/face_182.jpg 1 0 0 150 140
p/face_181.jpg 1 0 0 150 140
p/face_180.jpg 1 0 0 150 140
p/face_179.jpg 1 0 0 150 140
p/face_178.jpg 1 0 0 150 140
p/face_177.jpg 1 0 0 150 140
p/face_176.jpg 1 0 0 150 140
p/face_175.jpg 1 0 0 150 140
p/face_174.jpg 1 0 0 150 140
p/face_173.jpg 1 0 0 150 140
p/face_172.jpg 1 0 0 150 140
p/face_171.jpg 1 0 0 150 140
p/face_170.jpg 1 0 0 150 140
p/face_169.jpg 1 0 0 150 140
p/face_168.jpg 1 0 0 150 140
p/face_167.jpg 1 0 0 150 140
p/face_166.jpg 1 0 0 150 140
p/face_165.jpg 1 0 0 150 140
p/face_164.jpg 1 0 0 150 140
p/face_163.jpg 1 0 0 150 140
p/face_162.jpg 1 0 0 150 140
p/face_161.jpg 1 0 0 150 140
p/face_160.jpg 1 0 0 150 140
p/face_159.jpg 1 0 0 150 140
p/face_158.jpg 1 0 0 150 140
p/face_157.jpg 1 0 0 150 140
p/face_156.jpg 1 0 0 150 140
p/face_155.jpg 1 0 0 150 140
p/face_154.jpg 1 0 0 150 140
p/face_153.jpg 1 0 0 150 140
p/face_152.jpg 1 0 0 150 140
p/face_151.jpg 1 0 0 150 140
p/face_150.jpg 1 0 0 150 140
p/face_149.jpg 1 0 0 150 140
p/face_148.jpg 1 0 0 150 140
p/face_147.jpg 1 0 0 150 140
p/face_146.jpg 1 0 0 150 140
p/face_145.jpg 1 0 0 150 140
p/face_144.jpg 1 0 0 150 140
p/face_143.jpg 1 0 0 150 140
p/face_142.jpg 1 0 0 150 140
p/face_141.jpg 1 0 0 150 140
p/face_140.jpg 1 0 0 150 140
p/face_139.jpg 1 0 0 150 140
p/face_138.jpg 1 0 0 150 140
p/face_137.jpg 1 0 0 150 140
p/face_136.jpg 1 0 0 150 140
p/face_135.jpg 1 0 0 150 140
p/face_134.jpg 1 0 0 150 140
p/face_133.jpg 1 0 0 150 140
p/face_132.jpg 1 0 0 150 140
p/face_131.jpg 1 0 0 150 140
p/face_130.jpg 1 0 0 150 140
p/face_129.jpg 1 0 0 150 140
p/face_128.jpg 1 0 0 150 140
p/face_127.jpg 1 0 0 150 140
p/face_126.jpg 1 0 0 150 140
p/face_125.jpg 1 0 0 150 140
p/face_124.jpg 1 0 0 150 140
p/face_123.jpg 1 0 0 150 140
p/face_122.jpg 1 0 0 150 140
p/face_121.jpg 1 0 0 150 140
p/face_120.jpg 1 0 0 150 140
p/face_119.jpg 1 0 0 150 140
p/face_118.jpg 1 0 0 150 140
p/face_117.jpg 1 0 0 150 140
p/face_116.jpg 1 0 0 150 140
p/face_115.jpg 1 0 0 150 140
p/face_114.jpg 1 0 0 150 140
p/face_113.jpg 1 0 0 150 140
p/face_112.jpg 1 0 0 150 140
p/face_111.jpg 1 0 0 150 140
p/face_110.jpg 1 0 0 150 140
p/face_109.jpg 1 0 0 150 140
p/face_108.jpg 1 0 0 150 140
p/face_107.jpg 1 0 0 150 140
p/face_106.jpg 1 0 0 150 140
p/face_105.jpg 1 0 0 150 140
p/face_104.jpg 1 0 0 150 140
p/face_103.jpg 1 0 0 150 140
p/face_102.jpg 1 0 0 150 140
p/face_101.jpg 1 0 0 150 140
p/face_100.jpg 1 0 0 150 140
p/face_99.jpg 1 0 0 150 140
p/face_98.jpg 1 0 0 150 140
p/face_97.jpg 1 0 0 150 140
p/face_96.jpg 1 0 0 150 140
p/face_95.jpg 1 0 0 150 140
p/face_94.jpg 1 0 0 150 140
p/face_93.jpg 1 0 0 150 140
p/face_92.jpg 1 0 0 150 140
p/face_91.jpg 1 0 0 150 140
p/face_90.jpg 1 0 0 150 140
p/face_89.jpg 1 0 0 150 140
p/face_88.jpg 1 0 0 150 140
p/face_87.jpg 1 0 0 150 140
p/face_86.jpg 1 0 0 150 140
p/face_85.jpg 1 0 0 150 140
p/face_84.jpg 1 0 0 150 140
p/face_83.jpg 1 0 0 150 140
p/face_82.jpg 1 0 0 150 140
p/face_81.jpg 1 0 0 150 140
p/face_80.jpg 1 0 0 150 140
p/face_79.jpg 1 0 0 150 140
p/face_78.jpg 1 0 0 150 140
p/face_77.jpg 1 0 0 150 140
p/face_76.jpg 1 0 0 150 140
p/face_75.jpg 1 0 0 150 140
p/face_74.jpg 1 0 0 150 140
p/face_73.jpg 1 0 0 150 140
p/face_72.jpg 1 0 0 150 140
p/face_71.jpg 1 0 0 150 140
p/face_70.jpg 1 0 0 150 140
p/face_69.jpg 1 0 0 150 140
p/face_68.jpg 1 0 0 150 140
p/face_67.jpg 1 0 0 150 140
p/face_66.jpg 1 0 0 150 140
p/face_65.jpg 1 0 0 150 140
p/face_64.jpg 1 0 0 150 140
p/face_63.jpg 1 0 0 150 140
p/face_62.jpg 1 0 0 150 140
p/face_61.jpg 1 0 0 150 140
p/face_60.jpg 1 0 0 150 140
p/face_59.jpg 1 0 0 150 140
p/face_58.jpg 1 0 0 150 140
p/face_57.jpg 1 0 0 150 140
p/face_56.jpg 1 0 0 150 140
p/face_55.jpg 1 0 0 150 140
p/face_54.jpg 1 0 0 150 140
p/face_53.jpg 1 0 0 150 140
p/face_52.jpg 1 0 0 150 140
p/face_51.jpg 1 0 0 150 140
p/face_50.jpg 1 0 0 150 140
p/face_49.jpg 1 0 0 150 140
p/face_48.jpg 1 0 0 150 140
p/face_47.jpg 1 0 0 150 140
p/face_46.jpg 1 0 0 150 140
p/face_45.jpg 1 0 0 150 140
p/face_44.jpg 1 0 0 150 140
p/face_43.jpg 1 0 0 150 140
p/face_42.jpg 1 0 0 150 140
p/face_41.jpg 1 0 0 150 140
p/face_40.jpg 1 0 0 150 140
p/face_39.jpg 1 0 0 150 140
p/face_38.jpg 1 0 0 150 140
p/face_37.jpg 1 0 0 150 140
p/face_36.jpg 1 0 0 150 140
p/face_35.jpg 1 0 0 150 140
p/face_34.jpg 1 0 0 150 140
p/face_33.jpg 1 0 0 150 140
p/face_32.jpg 1 0 0 150 140
p/face_31.jpg 1 0 0 150 140
p/face_30.jpg 1 0 0 150 140
p/face_29.jpg 1 0 0 150 140
p/face_28.jpg 1 0 0 150 140
p/face_27.jpg 1 0 0 150 140
p/face_26.jpg 1 0 0 150 140
p/face_25.jpg 1 0 0 150 140
p/face_24.jpg 1 0 0 150 140
p/face_23.jpg 1 0 0 150 140
p/face_22.jpg 1 0 0 150 140
p/face_21.jpg 1 0 0 150 140
p/face_20.jpg 1 0 0 150 140
p/face_19.jpg 1 0 0 150 140
p/face_18.jpg 1 0 0 150 140
p/face_17.jpg 1 0 0 150 140
p/face_16.jpg 1 0 0 150 140
p/face_15.jpg 1 0 0 150 140
p/face_14.jpg 1 0 0 150 140
p/face_13.jpg 1 0 0 150 140
p/face_12.jpg 1 0 0 150 140
p/face_11.jpg 1 0 0 150 140
p/face_10.jpg 1 0 0 150 140
p/face_9.jpg 1 0 0 150 140
p/face_8.jpg 1 0 0 150 140
p/face_7.jpg 1 0 0 150 140
p/face_6.jpg 1 0 0 150 140
p/face_5.jpg 1 0 0 150 140
p/face_4.jpg 1 0 0 150 140
p/face_3.jpg 1 0 0 150 140
p/face_2.jpg 1 0 0 150 140
p/face_1.jpg 1 0 0 150 140
p/face_0.jpg 1 0 0 150 140